<?xml version="1.0" encoding="UTF-8" ?>
<testsuite tests="5" failures="1" name="step_definitions.RunCukesTest" time="46.619" errors="0" skipped="0">
  <properties>
[...]
</properties>
  <testcase classname="Sales" name="User sort product cart" time="11.784">
    <failure message="expected: java.lang.String&lt;25.9&gt; but was: java.lang.Double&lt;25.9&gt;" type="java.lang.AssertionError">java.lang.AssertionError: expected: java.lang.String&lt;25.9&gt; but was: java.lang.Double&lt;25.9&gt;
	at org.junit.Assert.fail(Assert.java:88)
	at org.junit.Assert.failNotEquals(Assert.java:743)
	at org.junit.Assert.assertEquals(Assert.java:118)
	at org.junit.Assert.assertEquals(Assert.java:144)
	at step_definitions.YourOverviewSteps.Invoice.userVerifyThat(Invoice.java:25)
	at ✽.User verify that &quot;25.9&quot;(classpath:features//Sales.feature:16)
</failure>
    <system-out>
@Sales
Scenario: User sort product cart                                                           &amp;#27;[90m# features//Sales.feature:5&amp;#27;[0m
  &amp;#27;[32mGiven &amp;#27;[0m&amp;#27;[32mUser already on login page&amp;#27;[0m                                                         &amp;#27;[90m# step_definitions.LoginPageSteps.LoginSteps.verifyLandingPage()&amp;#27;[0m
  &amp;#27;[32mWhen &amp;#27;[0m&amp;#27;[32mUser input &amp;#27;[0m&amp;#27;[32m&amp;#27;[1m&quot;standard_user&quot;&amp;#27;[0m&amp;#27;[32m as userName and input &amp;#27;[0m&amp;#27;[32m&amp;#27;[1m&quot;secret_sauce&quot;&amp;#27;[0m&amp;#27;[32m as password&amp;#27;[0m         &amp;#27;[90m# step_definitions.LoginPageSteps.LoginSteps.inputCredential(java.lang.String,java.lang.String)&amp;#27;[0m
  &amp;#27;[32mThen &amp;#27;[0m&amp;#27;[32mUser already on sales page&amp;#27;[0m                                                          &amp;#27;[90m# step_definitions.LoginPageSteps.LoginSteps.verifyDashboard()&amp;#27;[0m
  &amp;#27;[32mWhen &amp;#27;[0m&amp;#27;[32mUser sort product list by &amp;#27;[0m&amp;#27;[32m&amp;#27;[1m&quot;Name (Z to A)&quot;&amp;#27;[0m                                           &amp;#27;[90m# step_definitions.PageCartSteps.CartSteps.selectProductSort(java.lang.String)&amp;#27;[0m
  &amp;#27;[32mAnd &amp;#27;[0m&amp;#27;[32mUser select item product &amp;#27;[0m&amp;#27;[32m&amp;#27;[1m&quot;Test.allTheThings() T-Shirt (Red)&quot;&amp;#27;[0m&amp;#27;[32m and &amp;#27;[0m&amp;#27;[32m&amp;#27;[1m&quot;Sauce Labs Onesie&quot;&amp;#27;[0m &amp;#27;[90m# step_definitions.PageCartSteps.CartSteps.userSelectItemProductAnd(java.lang.String,java.lang.String)&amp;#27;[0m
  &amp;#27;[32mAnd &amp;#27;[0m&amp;#27;[32mUser open cart button&amp;#27;[0m                                                                &amp;#27;[90m# step_definitions.PageCartSteps.CartSteps.theUserOpenCartButton()&amp;#27;[0m
  &amp;#27;[32mAnd &amp;#27;[0m&amp;#27;[32mUser click checkout button&amp;#27;[0m                                                           &amp;#27;[90m# step_definitions.PageCartSteps.CartSteps.userClickCheckoutButton()&amp;#27;[0m
  &amp;#27;[32mAnd &amp;#27;[0m&amp;#27;[32mUser enters details firstname &amp;#27;[0m&amp;#27;[32m&amp;#27;[1m&quot;Aditya&quot;&amp;#27;[0m&amp;#27;[32m lastname &amp;#27;[0m&amp;#27;[32m&amp;#27;[1m&quot;Dwi&quot;&amp;#27;[0m&amp;#27;[32m and postalcode &amp;#27;[0m&amp;#27;[32m&amp;#27;[1m&quot;1234&quot;&amp;#27;[0m          &amp;#27;[90m# step_definitions.YourInformationSteps.DataBuyerSteps.theUserEntersDetailsFirstnameLastnameAndPostalcode(java.lang.String,java.lang.String,java.lang.String)&amp;#27;[0m
  &amp;#27;[32mAnd &amp;#27;[0m&amp;#27;[32mUser click button continue&amp;#27;[0m                                                           &amp;#27;[90m# step_definitions.YourInformationSteps.DataBuyerSteps.userClickButtonContinue()&amp;#27;[0m
25.9
  &amp;#27;[31mThen &amp;#27;[0m&amp;#27;[31mUser verify that &amp;#27;[0m&amp;#27;[31m&amp;#27;[1m&quot;25.9&quot;&amp;#27;[0m                                                             &amp;#27;[90m# step_definitions.YourOverviewSteps.Invoice.userVerifyThat(java.lang.String)&amp;#27;[0m
      &amp;#27;[31mjava.lang.AssertionError: expected: java.lang.String&lt;25.9&gt; but was: java.lang.Double&lt;25.9&gt;
	at org.junit.Assert.fail(Assert.java:88)
	at org.junit.Assert.failNotEquals(Assert.java:743)
	at org.junit.Assert.assertEquals(Assert.java:118)
	at org.junit.Assert.assertEquals(Assert.java:144)
	at step_definitions.YourOverviewSteps.Invoice.userVerifyThat(Invoice.java:25)
	at ✽.User verify that &quot;25.9&quot;(classpath:features//Sales.feature:16)
&amp;#27;[0m
  &amp;#27;[36mAnd &amp;#27;[0m&amp;#27;[36mUser clicks finish button&amp;#27;[0m                                                            &amp;#27;[90m# step_definitions.YourOverviewSteps.Invoice.theUserClicksFinishButton()&amp;#27;[0m
  &amp;#27;[36mThen &amp;#27;[0m&amp;#27;[36mUser able to see  confirmation message as &amp;#27;[0m&amp;#27;[36m&amp;#27;[1m&quot;Thank you for your order!&quot;&amp;#27;[0m               &amp;#27;[90m# step_definitions.YourOverviewSteps.Invoice.theUserAbleToSeeConfirmationMessageAs(java.lang.String)&amp;#27;[0m
</system-out>
    <system-err>SLF4J: No SLF4J providers were found.
SLF4J: Defaulting to no-operation (NOP) logger implementation
SLF4J: See https://www.slf4j.org/codes.html#noProviders for further details.
Starting ChromeDriver 114.0.5735.90 (386bc09e8f4f2e025eddae123f36f6263096ae49-refs/branch-heads/5735@{#1052}) on port 38961
Only local connections are allowed.
Please see https://chromedriver.chromium.org/security-considerations for suggestions on keeping ChromeDriver safe.
ChromeDriver was started successfully.
Jul 02, 2023 12:30:09 AM org.openqa.selenium.remote.ProtocolHandshake createSession
INFO: Detected dialect: W3C
</system-err>
  </testcase>
  <testcase classname="Sales" name="User cannot input checkout with invalid data #1" time="6.154"/>
  <testcase classname="Sales" name="User cannot input checkout with invalid data #2" time="6.269"/>
  <testcase classname="Sales" name="User cannot input checkout with invalid data #3" time="11.444"/>
  <testcase classname="Sales" name="User cannot input checkout with invalid data #4" time="10.968"/>
</testsuite>